<?xml version="1.0" encoding="UTF-8"?>
<testsuite name="com.cruxpass.repositories.PricingRuleRepositoryIntegrationTest" tests="1" skipped="0" failures="0" errors="0" timestamp="2026-06-07T20:52:22.485Z" hostname="caitlin-mclaugh-ThinkPad-X1-Carbon-Gen-11" time="0.503">
  <properties/>
  <testcase name="persistsPricingRuleWithMultipleGroups()" classname="com.cruxpass.repositories.PricingRuleRepositoryIntegrationTest" time="0.503"/>
  <system-out><![CDATA[14:52:15.166 [Test worker] INFO org.testcontainers.images.PullPolicy -- Image pull policy will be performed by: DefaultPullPolicy()
14:52:15.174 [Test worker] INFO org.testcontainers.utility.ImageNameSubstitutor -- Image name substitution will be performed by: DefaultImageNameSubstitutor (composite of 'ConfigurationFileImageNameSubstitutor' and 'PrefixingImageNameSubstitutor')
14:52:15.180 [Test worker] INFO org.testcontainers.DockerClientFactory -- Testcontainers version: 1.21.3
14:52:15.289 [Test worker] INFO org.testcontainers.dockerclient.DockerClientProviderStrategy -- Loaded org.testcontainers.dockerclient.UnixSocketClientProviderStrategy from ~/.testcontainers.properties, will try it first
14:52:15.441 [Test worker] INFO org.testcontainers.dockerclient.DockerClientProviderStrategy -- Found Docker environment with Environment variables, system properties and defaults. Resolved dockerHost=unix:///var/run/docker.sock
14:52:15.442 [Test worker] INFO org.testcontainers.DockerClientFactory -- Docker host IP address is localhost
14:52:15.455 [Test worker] INFO org.testcontainers.DockerClientFactory -- Connected to docker: 
  Server Version: 28.4.0
  API Version: 1.51
  Operating System: Ubuntu 24.04.4 LTS
  Total Memory: 31741 MB
14:52:15.523 [Test worker] INFO tc.testcontainers/ryuk:0.12.0 -- Creating container for image: testcontainers/ryuk:0.12.0
14:52:16.469 [Test worker] INFO tc.testcontainers/ryuk:0.12.0 -- Container testcontainers/ryuk:0.12.0 is starting: 7ca0e9aea4a90f0fb4287fcf71ef1c500f249e4bde7ddbc97ac6cc9a29878389
14:52:16.727 [Test worker] INFO tc.testcontainers/ryuk:0.12.0 -- Container testcontainers/ryuk:0.12.0 started in PT1.203907271S
14:52:16.731 [Test worker] INFO org.testcontainers.utility.RyukResourceReaper -- Ryuk started - will monitor and terminate Testcontainers containers on JVM exit
14:52:16.731 [Test worker] INFO org.testcontainers.DockerClientFactory -- Checking the system...
14:52:16.732 [Test worker] INFO org.testcontainers.DockerClientFactory -- ✔︎ Docker server version should be at least 1.6.0
14:52:16.732 [Test worker] INFO tc.postgres:16-alpine -- Creating container for image: postgres:16-alpine
14:52:16.812 [Test worker] INFO tc.postgres:16-alpine -- Container postgres:16-alpine is starting: eacb24ac94dc0fa8d21fcd7ef8449ae9579447fb01f28442a8ece271cada1f04
14:52:18.337 [Test worker] INFO tc.postgres:16-alpine -- Container postgres:16-alpine started in PT1.604616167S
14:52:18.338 [Test worker] INFO tc.postgres:16-alpine -- Container is started (JDBC URL: jdbc:postgresql://localhost:32849/test?loggerLevel=OFF)
14:52:18.408 [Test worker] INFO org.springframework.test.context.support.AnnotationConfigContextLoaderUtils -- Could not detect default configuration classes for test class [com.cruxpass.repositories.PricingRuleRepositoryIntegrationTest]: PricingRuleRepositoryIntegrationTest does not declare any static, non-private, non-final, nested classes annotated with @Configuration.
14:52:18.495 [Test worker] INFO org.springframework.boot.test.context.SpringBootTestContextBootstrapper -- Found @SpringBootConfiguration com.cruxpass.CruxPassApplication for test class com.cruxpass.repositories.PricingRuleRepositoryIntegrationTest

  .   ____          _            __ _ _
 /\\ / ___'_ __ _ _(_)_ __  __ _ \ \ \ \
( ( )\___ | '_ | '_| | '_ \/ _` | \ \ \ \
 \\/  ___)| |_)| | | | | || (_| |  ) ) ) )
  '  |____| .__|_| |_|_| |_\__, | / / / /
 =========|_|==============|___/=/_/_/_/

 :: Spring Boot ::                (v3.5.7)

2026-06-07T14:52:18.713-06:00  INFO 2106497 --- [    Test worker] c.r.PricingRuleRepositoryIntegrationTest : Starting PricingRuleRepositoryIntegrationTest using Java 21.0.11 with PID 2106497 (started by caitlin-mclaugh in /home/caitlin-mclaugh/CruxPass/cruxpass/backend)
2026-06-07T14:52:18.714-06:00  INFO 2106497 --- [    Test worker] c.r.PricingRuleRepositoryIntegrationTest : No active profile set, falling back to 1 default profile: "default"
2026-06-07T14:52:18.948-06:00  INFO 2106497 --- [    Test worker] .s.d.r.c.RepositoryConfigurationDelegate : Bootstrapping Spring Data JPA repositories in DEFAULT mode.
2026-06-07T14:52:18.996-06:00  INFO 2106497 --- [    Test worker] .s.d.r.c.RepositoryConfigurationDelegate : Finished Spring Data repository scanning in 43 ms. Found 11 JPA repository interfaces.
2026-06-07T14:52:19.173-06:00  INFO 2106497 --- [    Test worker] o.hibernate.jpa.internal.util.LogHelper  : HHH000204: Processing PersistenceUnitInfo [name: default]
2026-06-07T14:52:19.196-06:00  INFO 2106497 --- [    Test worker] org.hibernate.Version                    : HHH000412: Hibernate ORM core version 6.6.33.Final
2026-06-07T14:52:19.212-06:00  INFO 2106497 --- [    Test worker] o.h.c.internal.RegionFactoryInitiator    : HHH000026: Second-level cache disabled
2026-06-07T14:52:19.342-06:00  INFO 2106497 --- [    Test worker] o.s.o.j.p.SpringPersistenceUnitInfo      : No LoadTimeWeaver setup: ignoring JPA class transformer
2026-06-07T14:52:19.357-06:00  INFO 2106497 --- [    Test worker] com.zaxxer.hikari.HikariDataSource       : CruxHikariPool - Starting...
2026-06-07T14:52:19.468-06:00  INFO 2106497 --- [    Test worker] com.zaxxer.hikari.pool.HikariPool        : CruxHikariPool - Added connection org.postgresql.jdbc.PgConnection@7b2dd35d
2026-06-07T14:52:19.469-06:00  INFO 2106497 --- [    Test worker] com.zaxxer.hikari.HikariDataSource       : CruxHikariPool - Start completed.
2026-06-07T14:52:19.488-06:00  WARN 2106497 --- [    Test worker] org.hibernate.orm.deprecation            : HHH90000025: PostgreSQLDialect does not need to be specified explicitly using 'hibernate.dialect' (remove the property setting and it will be selected by default)
2026-06-07T14:52:19.506-06:00  INFO 2106497 --- [    Test worker] org.hibernate.orm.connections.pooling    : HHH10001005: Database info:
	Database JDBC URL [Connecting through datasource 'HikariDataSource (CruxHikariPool)']
	Database driver: undefined/unknown
	Database version: 16.13
	Autocommit mode: undefined/unknown
	Isolation level: undefined/unknown
	Minimum pool size: undefined/unknown
	Maximum pool size: undefined/unknown
2026-06-07T14:52:20.268-06:00  INFO 2106497 --- [    Test worker] o.h.e.t.j.p.i.JtaPlatformInitiator       : HHH000489: No JTA platform available (set 'hibernate.transaction.jta.platform' to enable JTA platform integration)
Hibernate: 
    set client_min_messages = WARNING
Hibernate: 
    alter table if exists competition 
       drop constraint if exists FK4kxpy72iv4xqf7g8ii8924ctw
Hibernate: 
    alter table if exists competition 
       drop constraint if exists FKl654q0i0oqp4ov0xrjvaxhhcv
Hibernate: 
    alter table if exists competition_selected_groups 
       drop constraint if exists FKf7wg8d8gxwfak5elks6hi5hea
Hibernate: 
    alter table if exists competition_types 
       drop constraint if exists FKbxstox2l6og1lnk48ku5k9da1
Hibernate: 
    alter table if exists dependent_guardians 
       drop constraint if exists FKep5gni2xdri4a9l25982c0vy3
Hibernate: 
    alter table if exists dependent_guardians 
       drop constraint if exists FK4988owqhlw2ap5oy23xg3k8yd
Hibernate: 
    alter table if exists heat 
       drop constraint if exists FK4pcxg6yb2ju0paeu0j4cgvhwa
Hibernate: 
    alter table if exists heat_divisions 
       drop constraint if exists FK2u2rltjltm1dn4vw8xtgav745
Hibernate: 
    alter table if exists heat_groups 
       drop constraint if exists FKphqbmpok6hdis4uif2fp58x5j
Hibernate: 
    alter table if exists pricing_rule_groups 
       drop constraint if exists FKpkh1d4jmnldn1reqbnomxx39j
Hibernate: 
    alter table if exists pricing_rule 
       drop constraint if exists FKk8617bgk5m8o4cec0aq7b2bp5
Hibernate: 
    alter table if exists registration 
       drop constraint if exists FK3ecp6c42dp15v11lx6bpgk23d
Hibernate: 
    alter table if exists registration 
       drop constraint if exists FK9fk3n3ncmwvguy8ex9y46ymud
Hibernate: 
    alter table if exists registration 
       drop constraint if exists FKblo5l5sdgbwvkgrlptfvs5wih
Hibernate: 
    alter table if exists route 
       drop constraint if exists FKbtub2lc7h7h8y9yudb6791rpe
Hibernate: 
    alter table if exists route 
       drop constraint if exists FKbc4lhs21tryrumtcw9vvpbyuo
Hibernate: 
    alter table if exists series_entry_placements 
       drop constraint if exists FKtjhqjuxrgfxtcklcn34oau65j
Hibernate: 
    alter table if exists series_entry_results 
       drop constraint if exists FKtjgffj5kp68dua58llhw80nu8
Hibernate: 
    alter table if exists series_gyms 
       drop constraint if exists FKij5r4bbawlkehaj06sfsvu7kf
Hibernate: 
    alter table if exists series_gyms 
       drop constraint if exists FKkc959ucc3lx2jy65l4wqysc1s
Hibernate: 
    alter table if exists series_leaderboard_entry 
       drop constraint if exists FKek5kythdcglvxyphg6gkoqwie
Hibernate: 
    alter table if exists series_leaderboard_entry 
       drop constraint if exists FK7j0h2i3dlwi5b08e29ry9ckn
Hibernate: 
    alter table if exists series_registration 
       drop constraint if exists FKhgr9ib2n6oaxr4l11tmaifl5j
Hibernate: 
    alter table if exists series_registration 
       drop constraint if exists FKiq5vry04qux5l9f438cmq3gus
Hibernate: 
    alter table if exists submission 
       drop constraint if exists FKg04g8sfknk8k8u8jl2x0t0jj7
Hibernate: 
    alter table if exists submission 
       drop constraint if exists FKggjs0lfwbp1v2egncr33ifrsk
Hibernate: 
    alter table if exists submission 
       drop constraint if exists FKqck4x11m8827gmrb70w53257v
Hibernate: 
    alter table if exists submitted_route 
       drop constraint if exists FK2ayomb0faea8dyixymrfj1ff3
Hibernate: 
    alter table if exists submitted_route 
       drop constraint if exists FK6tt1vte42ebkg9j0p3rn04v3e
Hibernate: 
    drop table if exists climber cascade
Hibernate: 
    drop table if exists competition cascade
Hibernate: 
    drop table if exists competition_selected_groups cascade
Hibernate: 
    drop table if exists competition_types cascade
Hibernate: 
    drop table if exists competitor_group cascade
Hibernate: 
    drop table if exists dependent_guardians cascade
Hibernate: 
    drop table if exists gym cascade
Hibernate: 
    drop table if exists heat cascade
Hibernate: 
    drop table if exists heat_divisions cascade
Hibernate: 
    drop table if exists heat_groups cascade
Hibernate: 
    drop table if exists pricing_rule_groups cascade
Hibernate: 
    drop table if exists pricing_rule cascade
Hibernate: 
    drop table if exists registration cascade
Hibernate: 
    drop table if exists route cascade
Hibernate: 
    drop table if exists series cascade
Hibernate: 
    drop table if exists series_entry_placements cascade
Hibernate: 
    drop table if exists series_entry_results cascade
Hibernate: 
    drop table if exists series_gyms cascade
Hibernate: 
    drop table if exists series_leaderboard_entry cascade
Hibernate: 
    drop table if exists series_registration cascade
Hibernate: 
    drop table if exists submission cascade
Hibernate: 
    drop table if exists submitted_route cascade
Hibernate: 
    drop sequence if exists gym_seq
Hibernate: 
    drop sequence if exists submitted_route_seq
Hibernate: 
    create sequence gym_seq start with 1 increment by 50
Hibernate: 
    create sequence submitted_route_seq start with 1 increment by 50
Hibernate: 
    create table climber (
        active boolean not null,
        created_at date not null,
        dob date,
        id bigint generated by default as identity,
        apartment_number varchar(255),
        city varchar(255),
        email varchar(255),
        emergency_name varchar(255) not null,
        emergency_phone varchar(255) not null,
        gender varchar(255) check (gender in ('MALE','FEMALE','NONBINARY','PASS')),
        name varchar(255) not null,
        password_hash varchar(255),
        phone varchar(255),
        series varchar(255),
        state varchar(255),
        street_address varchar(255),
        username varchar(255),
        zip_code varchar(255),
        primary key (id)
    )
Hibernate: 
    create table competition (
        flat_fee integer,
        deadline timestamp(6),
        gym_id bigint not null,
        id bigint generated by default as identity,
        series_id bigint,
        start_date timestamp(6),
        comp_format varchar(255) check (comp_format in ('CLASSIC_REDPOINT','MODIFIED_REDPOINT','JUDGED','OTHER')),
        comp_status varchar(255) check (comp_status in ('UPCOMING','LIVE','FINISHED')),
        fee_currency varchar(255) not null,
        name varchar(255) not null,
        pricing_type varchar(255) not null check (pricing_type in ('FLAT','BY_AGE','BY_GROUP')),
        primary key (id)
    )
Hibernate: 
    create table competition_selected_groups (
        competition_id bigint not null,
        custom_group_id bigint,
        default_key varchar(255) check (default_key in ('REC','INTERMEDIATE','ADVANCED','OPEN','YOUTH_D','YOUTH_C','YOUTH_B','YOUTH_A','JUNIOR')),
        type varchar(255) not null check (type in ('DEFAULT','CUSTOM'))
    )
Hibernate: 
    create table competition_types (
        competition_id bigint not null,
        types varchar(255) check (types in ('BOULDERING','SPORT_CLIMBING','SPEED_CLIMBING'))
    )
Hibernate: 
    create table competitor_group (
        age_rule_max integer,
        age_rule_min integer,
        constrained boolean,
        deleted boolean not null,
        deleted_at timestamp(6) with time zone,
        id bigint generated by default as identity,
        owner_id bigint not null,
        updated_at timestamp(6) with time zone,
        age_rule_type varchar(255) check (age_rule_type in ('AGE','BIRTHYEAR')),
        name varchar(255) not null,
        owner_type varchar(255) not null check (owner_type in ('GYM','SERIES')),
        primary key (id),
        constraint uk_group_owner_name unique (owner_type, owner_id, name)
    )
Hibernate: 
    create table dependent_guardians (
        dependent_id bigint not null,
        guardian_id bigint not null,
        primary key (dependent_id, guardian_id)
    )
Hibernate: 
    create table gym (
        active boolean not null,
        created_at date not null,
        id bigint not null,
        apartment_number varchar(255),
        city varchar(255),
        email varchar(255) not null unique,
        name varchar(255) not null,
        password_hash varchar(255) not null,
        phone varchar(255) not null,
        state varchar(255),
        street_address varchar(255),
        username varchar(255) not null unique,
        zip_code varchar(255),
        primary key (id)
    )
Hibernate: 
    create table heat (
        capacity integer not null,
        divisions_enabled boolean not null,
        duration integer not null,
        competition_id bigint,
        id bigint generated by default as identity,
        start_time timestamp(6),
        heat_name varchar(255),
        primary key (id)
    )
Hibernate: 
    create table heat_divisions (
        heat_id bigint not null,
        divisions varchar(255) check (divisions in ('MALE','FEMALE','NONBINARY'))
    )
Hibernate: 
    create table heat_groups (
        custom_group_id bigint,
        heat_id bigint not null,
        default_key varchar(255) check (default_key in ('REC','INTERMEDIATE','ADVANCED','OPEN','YOUTH_D','YOUTH_C','YOUTH_B','YOUTH_A','JUNIOR')),
        type varchar(255) not null check (type in ('DEFAULT','CUSTOM'))
    )
Hibernate: 
    create table pricing_rule_groups (
        group_custom_id bigint,
        pricing_rule_id bigint not null,
        group_default_key varchar(255) check (group_default_key in ('REC','INTERMEDIATE','ADVANCED','OPEN','YOUTH_D','YOUTH_C','YOUTH_B','YOUTH_A','JUNIOR')),
        group_type varchar(255) check (group_type in ('DEFAULT','CUSTOM'))
    )
Hibernate: 
    create table pricing_rule (
        amount integer not null,
        max_age integer,
        min_age integer,
        priority integer not null,
        competition_id bigint not null,
        id bigint generated by default as identity,
        name varchar(255),
        rule_type varchar(255) not null check (rule_type in ('AGE','GROUP')),
        primary key (id)
    )
Hibernate: 
    create table registration (
        feeamount integer not null,
        paid boolean not null,
        climber_id bigint not null,
        competition_id bigint not null,
        competitor_group_custom_id bigint,
        heat_id bigint,
        id bigint generated by default as identity,
        checkout_session_id varchar(255),
        competitor_group_default_key varchar(255) check (competitor_group_default_key in ('REC','INTERMEDIATE','ADVANCED','OPEN','YOUTH_D','YOUTH_C','YOUTH_B','YOUTH_A','JUNIOR')),
        competitor_group_type varchar(255) not null check (competitor_group_type in ('DEFAULT','CUSTOM')),
        division varchar(255) check (division in ('MALE','FEMALE','NONBINARY')),
        fee_currency varchar(255) not null,
        payment_status varchar(255) check (payment_status in ('PENDING','PAID','FAILED')),
        primary key (id)
    )
Hibernate: 
    create table route (
        number integer not null,
        point_value integer not null,
        competition_id bigint not null,
        gym_id bigint not null,
        id bigint generated by default as identity,
        grade varchar(255) check (grade in ('UNGRADED','V0','V1','V2','V3','V4','V5','V6','V7','V8','V9','V10','V11','V12','V13','V14','V15','V16','V17')),
        primary key (id)
    )
Hibernate: 
    create table series (
        active boolean not null,
        created_at date not null,
        end_date date,
        start_date date,
        deadline timestamp(6),
        id bigint generated by default as identity,
        description varchar(255),
        email varchar(255) not null,
        name varchar(255) not null,
        password_hash varchar(255) not null,
        series_status varchar(255) check (series_status in ('UPCOMING','LIVE','FINISHED')),
        username varchar(255) not null,
        primary key (id)
    )
Hibernate: 
    create table series_entry_placements (
        placement_counts integer,
        entry_id bigint not null
    )
Hibernate: 
    create table series_entry_results (
        placement integer,
        series_points integer,
        competition_id bigint,
        entry_id bigint not null,
        series_id bigint
    )
Hibernate: 
    create table series_gyms (
        gym_id bigint not null,
        series_id bigint not null,
        primary key (gym_id, series_id)
    )
Hibernate: 
    create table series_leaderboard_entry (
        rank integer,
        raw_climbing_points integer not null,
        total_attempts integer not null,
        total_series_points integer not null,
        climber_id bigint not null,
        competitor_group_custom_id bigint,
        id bigint generated by default as identity,
        series_id bigint not null,
        competitor_group_default_key varchar(255) check (competitor_group_default_key in ('REC','INTERMEDIATE','ADVANCED','OPEN','YOUTH_D','YOUTH_C','YOUTH_B','YOUTH_A','JUNIOR')),
        competitor_group_type varchar(255) not null check (competitor_group_type in ('DEFAULT','CUSTOM')),
        division varchar(255) check (division in ('MALE','FEMALE','NONBINARY')),
        primary key (id)
    )
Hibernate: 
    create table series_registration (
        climber_id bigint not null,
        id bigint generated by default as identity,
        series_id bigint not null,
        division varchar(255) check (division in ('MALE','FEMALE','NONBINARY')),
        primary key (id)
    )
Hibernate: 
    create table submission (
        total_attempts integer not null,
        total_points integer not null,
        climber_id bigint not null,
        competition_id bigint not null,
        competitor_group_custom_id bigint,
        id bigint generated by default as identity,
        registration_id bigint,
        competitor_group_default_key varchar(255) check (competitor_group_default_key in ('REC','INTERMEDIATE','ADVANCED','OPEN','YOUTH_D','YOUTH_C','YOUTH_B','YOUTH_A','JUNIOR')),
        competitor_group_type varchar(255) not null check (competitor_group_type in ('DEFAULT','CUSTOM')),
        division varchar(255) check (division in ('MALE','FEMALE','NONBINARY')),
        primary key (id),
        unique (competition_id, climber_id)
    )
Hibernate: 
    create table submitted_route (
        attempts integer not null,
        send boolean not null,
        id bigint not null,
        route_id bigint not null,
        submission_id bigint not null,
        primary key (id)
    )
Hibernate: 
    create index idx_group_owner 
       on competitor_group (owner_type, owner_id)
Hibernate: 
    alter table if exists competition 
       add constraint FK4kxpy72iv4xqf7g8ii8924ctw 
       foreign key (gym_id) 
       references gym
Hibernate: 
    alter table if exists competition 
       add constraint FKl654q0i0oqp4ov0xrjvaxhhcv 
       foreign key (series_id) 
       references series
Hibernate: 
    alter table if exists competition_selected_groups 
       add constraint FKf7wg8d8gxwfak5elks6hi5hea 
       foreign key (competition_id) 
       references competition
Hibernate: 
    alter table if exists competition_types 
       add constraint FKbxstox2l6og1lnk48ku5k9da1 
       foreign key (competition_id) 
       references competition
Hibernate: 
    alter table if exists dependent_guardians 
       add constraint FKep5gni2xdri4a9l25982c0vy3 
       foreign key (guardian_id) 
       references climber
Hibernate: 
    alter table if exists dependent_guardians 
       add constraint FK4988owqhlw2ap5oy23xg3k8yd 
       foreign key (dependent_id) 
       references climber
Hibernate: 
    alter table if exists heat 
       add constraint FK4pcxg6yb2ju0paeu0j4cgvhwa 
       foreign key (competition_id) 
       references competition
Hibernate: 
    alter table if exists heat_divisions 
       add constraint FK2u2rltjltm1dn4vw8xtgav745 
       foreign key (heat_id) 
       references heat
Hibernate: 
    alter table if exists heat_groups 
       add constraint FKphqbmpok6hdis4uif2fp58x5j 
       foreign key (heat_id) 
       references heat
Hibernate: 
    alter table if exists pricing_rule_groups 
       add constraint FKpkh1d4jmnldn1reqbnomxx39j 
       foreign key (pricing_rule_id) 
       references pricing_rule
Hibernate: 
    alter table if exists pricing_rule 
       add constraint FKk8617bgk5m8o4cec0aq7b2bp5 
       foreign key (competition_id) 
       references competition
Hibernate: 
    alter table if exists registration 
       add constraint FK3ecp6c42dp15v11lx6bpgk23d 
       foreign key (climber_id) 
       references climber
Hibernate: 
    alter table if exists registration 
       add constraint FK9fk3n3ncmwvguy8ex9y46ymud 
       foreign key (competition_id) 
       references competition
Hibernate: 
    alter table if exists registration 
       add constraint FKblo5l5sdgbwvkgrlptfvs5wih 
       foreign key (heat_id) 
       references heat
Hibernate: 
    alter table if exists route 
       add constraint FKbtub2lc7h7h8y9yudb6791rpe 
       foreign key (competition_id) 
       references competition
Hibernate: 
    alter table if exists route 
       add constraint FKbc4lhs21tryrumtcw9vvpbyuo 
       foreign key (gym_id) 
       references gym
Hibernate: 
    alter table if exists series_entry_placements 
       add constraint FKtjhqjuxrgfxtcklcn34oau65j 
       foreign key (entry_id) 
       references series_leaderboard_entry
Hibernate: 
    alter table if exists series_entry_results 
       add constraint FKtjgffj5kp68dua58llhw80nu8 
       foreign key (entry_id) 
       references series_leaderboard_entry
Hibernate: 
    alter table if exists series_gyms 
       add constraint FKij5r4bbawlkehaj06sfsvu7kf 
       foreign key (gym_id) 
       references gym
Hibernate: 
    alter table if exists series_gyms 
       add constraint FKkc959ucc3lx2jy65l4wqysc1s 
       foreign key (series_id) 
       references series
Hibernate: 
    alter table if exists series_leaderboard_entry 
       add constraint FKek5kythdcglvxyphg6gkoqwie 
       foreign key (climber_id) 
       references climber
Hibernate: 
    alter table if exists series_leaderboard_entry 
       add constraint FK7j0h2i3dlwi5b08e29ry9ckn 
       foreign key (series_id) 
       references series
Hibernate: 
    alter table if exists series_registration 
       add constraint FKhgr9ib2n6oaxr4l11tmaifl5j 
       foreign key (climber_id) 
       references climber
Hibernate: 
    alter table if exists series_registration 
       add constraint FKiq5vry04qux5l9f438cmq3gus 
       foreign key (series_id) 
       references series
Hibernate: 
    alter table if exists submission 
       add constraint FKg04g8sfknk8k8u8jl2x0t0jj7 
       foreign key (climber_id) 
       references climber
Hibernate: 
    alter table if exists submission 
       add constraint FKggjs0lfwbp1v2egncr33ifrsk 
       foreign key (competition_id) 
       references competition
Hibernate: 
    alter table if exists submission 
       add constraint FKqck4x11m8827gmrb70w53257v 
       foreign key (registration_id) 
       references registration
Hibernate: 
    alter table if exists submitted_route 
       add constraint FK2ayomb0faea8dyixymrfj1ff3 
       foreign key (route_id) 
       references route
Hibernate: 
    alter table if exists submitted_route 
       add constraint FK6tt1vte42ebkg9j0p3rn04v3e 
       foreign key (submission_id) 
       references submission
2026-06-07T14:52:20.455-06:00  INFO 2106497 --- [    Test worker] j.LocalContainerEntityManagerFactoryBean : Initialized JPA EntityManagerFactory for persistence unit 'default'
2026-06-07T14:52:20.731-06:00  INFO 2106497 --- [    Test worker] o.s.d.j.r.query.QueryEnhancerFactory     : Hibernate is in classpath; If applicable, HQL parser will be used.
2026-06-07T14:52:22.454-06:00  INFO 2106497 --- [    Test worker] c.r.PricingRuleRepositoryIntegrationTest : Started PricingRuleRepositoryIntegrationTest in 3.927 seconds (process running for 7.983)
Hibernate: 
    select
        nextval('gym_seq')
Hibernate: 
    insert 
    into
        gym
        (active, apartment_number, city, state, street_address, zip_code, created_at, email, name, password_hash, phone, username, id) 
    values
        (?, ?, ?, ?, ?, ?, ?, ?, ?, ?, ?, ?, ?)
Hibernate: 
    insert 
    into
        competition
        (comp_format, comp_status, deadline, fee_currency, flat_fee, gym_id, name, pricing_type, series_id, start_date) 
    values
        (?, ?, ?, ?, ?, ?, ?, ?, ?, ?)
Hibernate: 
    insert 
    into
        pricing_rule
        (amount, competition_id, max_age, min_age, name, priority, rule_type) 
    values
        (?, ?, ?, ?, ?, ?, ?)
Hibernate: 
    insert 
    into
        competition_types
        (competition_id, types) 
    values
        (?, ?)
Hibernate: 
    insert 
    into
        pricing_rule_groups
        (pricing_rule_id, group_custom_id, group_default_key, group_type) 
    values
        (?, ?, ?, ?)
Hibernate: 
    insert 
    into
        pricing_rule_groups
        (pricing_rule_id, group_custom_id, group_default_key, group_type) 
    values
        (?, ?, ?, ?)
Hibernate: 
    select
        c1_0.id,
        c1_0.comp_format,
        c1_0.comp_status,
        c1_0.deadline,
        c1_0.fee_currency,
        c1_0.flat_fee,
        c1_0.gym_id,
        g1_0.id,
        g1_0.active,
        g1_0.apartment_number,
        g1_0.city,
        g1_0.state,
        g1_0.street_address,
        g1_0.zip_code,
        g1_0.created_at,
        g1_0.email,
        g1_0.name,
        g1_0.password_hash,
        g1_0.phone,
        g1_0.username,
        c1_0.name,
        c1_0.pricing_type,
        s1_0.id,
        s1_0.active,
        s1_0.created_at,
        s1_0.deadline,
        s1_0.description,
        s1_0.email,
        s1_0.end_date,
        s1_0.name,
        s1_0.password_hash,
        s1_0.series_status,
        s1_0.start_date,
        s1_0.username,
        c1_0.start_date,
        t1_0.competition_id,
        t1_0.types 
    from
        competition c1_0 
    join
        gym g1_0 
            on g1_0.id=c1_0.gym_id 
    left join
        series s1_0 
            on s1_0.id=c1_0.series_id 
    left join
        competition_types t1_0 
            on c1_0.id=t1_0.competition_id 
    where
        c1_0.id=?
Hibernate: 
    select
        pr1_0.competition_id,
        pr1_0.id,
        pr1_0.amount,
        pr1_0.max_age,
        pr1_0.min_age,
        pr1_0.name,
        pr1_0.priority,
        pr1_0.rule_type 
    from
        pricing_rule pr1_0 
    where
        pr1_0.competition_id=? 
    order by
        pr1_0.priority,
        pr1_0.id
Hibernate: 
    select
        g1_0.pricing_rule_id,
        g1_0.group_custom_id,
        g1_0.group_default_key,
        g1_0.group_type 
    from
        pricing_rule_groups g1_0 
    where
        g1_0.pricing_rule_id=?
]]></system-out>
  <system-err><![CDATA[Mockito is currently self-attaching to enable the inline-mock-maker. This will no longer work in future releases of the JDK. Please add Mockito as an agent to your build as described in Mockito's documentation: https://javadoc.io/doc/org.mockito/mockito-core/latest/org.mockito/org/mockito/Mockito.html#0.3
WARNING: A Java agent has been loaded dynamically (/home/caitlin-mclaugh/.gradle/caches/modules-2/files-2.1/net.bytebuddy/byte-buddy-agent/1.17.8/f09415827a71be7ed621c7bd02550678f28bc81c/byte-buddy-agent-1.17.8.jar)
WARNING: If a serviceability tool is in use, please run with -XX:+EnableDynamicAgentLoading to hide this warning
WARNING: If a serviceability tool is not in use, please run with -Djdk.instrument.traceUsage for more information
WARNING: Dynamic loading of agents will be disallowed by default in a future release
]]></system-err>
</testsuite>
