<?xml version="1.0" encoding="UTF-8"?>
<testsuite name="com.cruxpass.services.CompetitionServiceTest" tests="2" skipped="0" failures="0" errors="0" timestamp="2026-06-07T05:15:29.766Z" hostname="caitlin-mclaugh-ThinkPad-X1-Carbon-Gen-11" time="0.012">
  <properties/>
  <testcase name="createCompetitionPersistsTrimmedPricingRuleName()" classname="com.cruxpass.services.CompetitionServiceTest" time="0.009"/>
  <testcase name="createCompetitionPersistsBlankPricingRuleNameAsNull()" classname="com.cruxpass.services.CompetitionServiceTest" time="0.002"/>
  <system-out><![CDATA[]]></system-out>
  <system-err><![CDATA[]]></system-err>
</testsuite>
