<?xml version="1.0" encoding="UTF-8"?>
<testsuite name="com.cruxpass.services.StripePaymentServiceTest" tests="3" skipped="0" failures="0" errors="0" timestamp="2026-06-07T05:15:29.858Z" hostname="caitlin-mclaugh-ThinkPad-X1-Carbon-Gen-11" time="0.002">
  <properties/>
  <testcase name="isConfiguredReturnsFalseWhenApiKeyMissingOrBlank()" classname="com.cruxpass.services.StripePaymentServiceTest" time="0.001"/>
  <testcase name="createCheckoutSessionThrowsWhenNotConfigured()" classname="com.cruxpass.services.StripePaymentServiceTest" time="0.001"/>
  <testcase name="isConfiguredReturnsTrueWhenApiKeyPresent()" classname="com.cruxpass.services.StripePaymentServiceTest" time="0.0"/>
  <system-out><![CDATA[]]></system-out>
  <system-err><![CDATA[]]></system-err>
</testsuite>
