<?xml version="1.0" encoding="UTF-8"?>
<testsuite name="com.cruxpass.controllers.PublicCompetitionControllerFunctionalTest" tests="2" skipped="0" failures="0" errors="0" timestamp="2026-06-07T21:27:15.548Z" hostname="caitlin-mclaugh-ThinkPad-X1-Carbon-Gen-11" time="1.635">
  <properties/>
  <testcase name="getAllCompetitionsReturnsResolvedCompetitions()" classname="com.cruxpass.controllers.PublicCompetitionControllerFunctionalTest" time="1.602"/>
  <testcase name="getCompetitionByIdDelegatesToPublicLookup()" classname="com.cruxpass.controllers.PublicCompetitionControllerFunctionalTest" time="0.031"/>
  <system-out><![CDATA[15:27:16.538 [Test worker] INFO org.hibernate.validator.internal.util.Version -- HV000001: Hibernate Validator 8.0.3.Final
15:27:16.988 [Test worker] INFO org.springframework.mock.web.MockServletContext -- Initializing Spring TestDispatcherServlet ''
15:27:16.988 [Test worker] INFO org.springframework.test.web.servlet.TestDispatcherServlet -- Initializing Servlet ''
15:27:16.992 [Test worker] INFO org.springframework.test.web.servlet.TestDispatcherServlet -- Completed initialization in 3 ms
15:27:17.158 [Test worker] INFO org.springframework.mock.web.MockServletContext -- Initializing Spring TestDispatcherServlet ''
15:27:17.158 [Test worker] INFO org.springframework.test.web.servlet.TestDispatcherServlet -- Initializing Servlet ''
15:27:17.159 [Test worker] INFO org.springframework.test.web.servlet.TestDispatcherServlet -- Completed initialization in 1 ms
]]></system-out>
  <system-err><![CDATA[Mockito is currently self-attaching to enable the inline-mock-maker. This will no longer work in future releases of the JDK. Please add Mockito as an agent to your build as described in Mockito's documentation: https://javadoc.io/doc/org.mockito/mockito-core/latest/org.mockito/org/mockito/Mockito.html#0.3
WARNING: A Java agent has been loaded dynamically (/home/caitlin-mclaugh/.gradle/caches/modules-2/files-2.1/net.bytebuddy/byte-buddy-agent/1.17.8/f09415827a71be7ed621c7bd02550678f28bc81c/byte-buddy-agent-1.17.8.jar)
WARNING: If a serviceability tool is in use, please run with -XX:+EnableDynamicAgentLoading to hide this warning
WARNING: If a serviceability tool is not in use, please run with -Djdk.instrument.traceUsage for more information
WARNING: Dynamic loading of agents will be disallowed by default in a future release
]]></system-err>
</testsuite>
