<?xml version="1.0" encoding="UTF-8"?>
<testsuite name="com.cruxpass.controllers.RouteControllerTest" tests="2" skipped="0" failures="0" errors="0" timestamp="2026-06-07T05:15:29.215Z" hostname="caitlin-mclaugh-ThinkPad-X1-Carbon-Gen-11" time="0.059">
  <properties/>
  <testcase name="getByIdReturnsNotFoundWhenRouteMissingOrMismatch()" classname="com.cruxpass.controllers.RouteControllerTest" time="0.056"/>
  <testcase name="getRoutesReturnsNotFoundWhenServiceReturnsNull()" classname="com.cruxpass.controllers.RouteControllerTest" time="0.002"/>
  <system-out><![CDATA[]]></system-out>
  <system-err><![CDATA[]]></system-err>
</testsuite>
