<?xml version="1.0" encoding="UTF-8"?>
<testsuite name="com.cruxpass.services.StripePaymentServiceDeepTest" tests="2" skipped="0" failures="0" errors="0" timestamp="2026-06-07T05:15:29.856Z" hostname="caitlin-mclaugh-ThinkPad-X1-Carbon-Gen-11" time="0.002">
  <properties/>
  <testcase name="isConfiguredTrueWhenKeyProvided()" classname="com.cruxpass.services.StripePaymentServiceDeepTest" time="0.0"/>
  <testcase name="createCheckoutSessionWillThrowWhenNotConfigured()" classname="com.cruxpass.services.StripePaymentServiceDeepTest" time="0.001"/>
  <system-out><![CDATA[]]></system-out>
  <system-err><![CDATA[]]></system-err>
</testsuite>
