<?xml version="1.0" encoding="UTF-8"?>
<testsuite name="com.cruxpass.services.SubmissionServiceGeneratedTest" tests="1" skipped="0" failures="0" errors="0" timestamp="2026-06-07T05:15:29.861Z" hostname="caitlin-mclaugh-ThinkPad-X1-Carbon-Gen-11" time="0.029">
  <properties/>
  <testcase name="getByIdReturnsNullWhenMissing()" classname="com.cruxpass.services.SubmissionServiceGeneratedTest" time="0.029"/>
  <system-out><![CDATA[]]></system-out>
  <system-err><![CDATA[]]></system-err>
</testsuite>
