<?xml version="1.0" encoding="UTF-8"?>
<testsuite name="com.cruxpass.controllers.StripeCheckoutControllerTest" tests="3" skipped="0" failures="0" errors="0" timestamp="2026-06-07T05:15:29.522Z" hostname="caitlin-mclaugh-ThinkPad-X1-Carbon-Gen-11" time="0.025">
  <properties/>
  <testcase name="checkoutMarksFreeRegistrationPaidWithoutCallingStripe()" classname="com.cruxpass.controllers.StripeCheckoutControllerTest" time="0.011"/>
  <testcase name="checkoutRejectsRegistrationOutsideCurrentUserHouseholdOrGym()" classname="com.cruxpass.controllers.StripeCheckoutControllerTest" time="0.005"/>
  <testcase name="checkoutReturnsUnavailableWhenStripeIsNotConfigured()" classname="com.cruxpass.controllers.StripeCheckoutControllerTest" time="0.003"/>
  <system-out><![CDATA[]]></system-out>
  <system-err><![CDATA[]]></system-err>
</testsuite>
