<?xml version="1.0" encoding="UTF-8"?>
<testsuite name="com.cruxpass.services.CompetitionPricingServiceGeneratedTest" tests="1" skipped="0" failures="0" errors="0" timestamp="2026-06-07T05:15:29.626Z" hostname="caitlin-mclaugh-ThinkPad-X1-Carbon-Gen-11" time="0.002">
  <properties/>
  <testcase name="getCompetitionReturnsNullWhenMissing()" classname="com.cruxpass.services.CompetitionPricingServiceGeneratedTest" time="0.001"/>
  <system-out><![CDATA[]]></system-out>
  <system-err><![CDATA[]]></system-err>
</testsuite>
